\BOOKMARK [1][-]{section.1}{Introduction}{}% 1
\BOOKMARK [1][-]{section.2}{0D- and 1D-complexes}{}% 2
\BOOKMARK [2][-]{subsection.2.1}{Generation of cells}{section.2}% 3
\BOOKMARK [2][-]{subsection.2.2}{Generation of embedding vertices}{section.2}% 4
\BOOKMARK [1][-]{section.3}{Cuboidal grids}{}% 5
\BOOKMARK [2][-]{subsection.3.1}{Full-dimensional grids}{section.3}% 6
\BOOKMARK [3][-]{subsubsection.3.1.1}{Vertex generation}{subsection.3.1}% 7
\BOOKMARK [3][-]{subsubsection.3.1.2}{Mapping of indices to storage}{subsection.3.1}% 8
\BOOKMARK [3][-]{subsubsection.3.1.3}{Multidimensional cell generation}{subsection.3.1}% 9
\BOOKMARK [2][-]{subsection.3.2}{Lower-dimensional grid skeletons}{section.3}% 10
\BOOKMARK [3][-]{subsubsection.3.2.1}{Generation of skeleton components}{subsection.3.2}% 11
\BOOKMARK [3][-]{subsubsection.3.2.2}{Filtering grid skeleton components}{subsection.3.2}% 12
\BOOKMARK [3][-]{subsubsection.3.2.3}{Assembling grid skeleton components}{subsection.3.2}% 13
\BOOKMARK [2][-]{subsection.3.3}{Highest-level grid interface}{section.3}% 14
\BOOKMARK [1][-]{section.4}{Cartesian product of cellular complexes}{}% 15
\BOOKMARK [1][-]{section.5}{Largrid exporting}{}% 16
\BOOKMARK [1][-]{section.6}{Unit tests}{}% 17
\BOOKMARK [2][-]{subsection.6.1}{Creation of repository of unit tests}{section.6}% 18
\BOOKMARK [1][-]{section.7}{Indices}{}% 19
\BOOKMARK [1][-]{appendix.A}{Utilities}{}% 20
