This is pdfTeX, Version 3.1415926-2.5-1.40.14 (TeX Live 2013) (format=pdflatex 2013.6.23)  31 DEC 2013 09:44
entering extended mode
 restricted \write18 enabled.
 file:line:error style messages enabled.
 %&-line parsing enabled.
**largrid.tex
(./largrid.tex
LaTeX2e <2011/06/27>
Babel <3.9f> and hyphenation patterns for 78 languages loaded.
(/usr/local/texlive/2013/texmf-dist/tex/latex/base/article.cls
Document Class: article 2007/10/19 v1.4h Standard LaTeX document class
(/usr/local/texlive/2013/texmf-dist/tex/latex/base/size11.clo
File: size11.clo 2007/10/19 v1.4h Standard LaTeX file (size option)
)
\c@part=\count79
\c@section=\count80
\c@subsection=\count81
\c@subsubsection=\count82
\c@paragraph=\count83
\c@subparagraph=\count84
\c@figure=\count85
\c@table=\count86
\abovecaptionskip=\skip41
\belowcaptionskip=\skip42
\bibindent=\dimen102
)
(/usr/local/texlive/2013/texmf-dist/tex/latex/geometry/geometry.sty
Package: geometry 2010/09/12 v5.6 Page Geometry

(/usr/local/texlive/2013/texmf-dist/tex/latex/graphics/keyval.sty
Package: keyval 1999/03/16 v1.13 key=value parser (DPC)
\KV@toks@=\toks14
)
(/usr/local/texlive/2013/texmf-dist/tex/generic/oberdiek/ifpdf.sty
Package: ifpdf 2011/01/30 v2.3 Provides the ifpdf switch (HO)
Package ifpdf Info: pdfTeX in PDF mode is detected.
)
(/usr/local/texlive/2013/texmf-dist/tex/generic/oberdiek/ifvtex.sty
Package: ifvtex 2010/03/01 v1.5 Detect VTeX and its facilities (HO)
Package ifvtex Info: VTeX not detected.
)
(/usr/local/texlive/2013/texmf-dist/tex/generic/ifxetex/ifxetex.sty
Package: ifxetex 2010/09/12 v0.6 Provides ifxetex conditional
)
\Gm@cnth=\count87
\Gm@cntv=\count88
\c@Gm@tempcnt=\count89
\Gm@bindingoffset=\dimen103
\Gm@wd@mp=\dimen104
\Gm@odd@mp=\dimen105
\Gm@even@mp=\dimen106
\Gm@layoutwidth=\dimen107
\Gm@layoutheight=\dimen108
\Gm@layouthoffset=\dimen109
\Gm@layoutvoffset=\dimen110
\Gm@dimlist=\toks15
)
(/usr/local/texlive/2013/texmf-dist/tex/latex/graphics/graphicx.sty
Package: graphicx 1999/02/16 v1.0f Enhanced LaTeX Graphics (DPC,SPQR)

(/usr/local/texlive/2013/texmf-dist/tex/latex/graphics/graphics.sty
Package: graphics 2009/02/05 v1.0o Standard LaTeX Graphics (DPC,SPQR)

(/usr/local/texlive/2013/texmf-dist/tex/latex/graphics/trig.sty
Package: trig 1999/03/16 v1.09 sin cos tan (DPC)
)
(/usr/local/texlive/2013/texmf-dist/tex/latex/latexconfig/graphics.cfg
File: graphics.cfg 2010/04/23 v1.9 graphics configuration of TeX Live
)
Package graphics Info: Driver file: pdftex.def on input line 91.

(/usr/local/texlive/2013/texmf-dist/tex/latex/pdftex-def/pdftex.def
File: pdftex.def 2011/05/27 v0.06d Graphics/color for pdfTeX

(/usr/local/texlive/2013/texmf-dist/tex/generic/oberdiek/infwarerr.sty
Package: infwarerr 2010/04/08 v1.3 Providing info/warning/error messages (HO)
)
(/usr/local/texlive/2013/texmf-dist/tex/generic/oberdiek/ltxcmds.sty
Package: ltxcmds 2011/11/09 v1.22 LaTeX kernel commands for general use (HO)
)
\Gread@gobject=\count90
))
\Gin@req@height=\dimen111
\Gin@req@width=\dimen112
)
(/usr/local/texlive/2013/texmf-dist/tex/latex/amsfonts/amssymb.sty
Package: amssymb 2013/01/14 v3.01 AMS font symbols

(/usr/local/texlive/2013/texmf-dist/tex/latex/amsfonts/amsfonts.sty
Package: amsfonts 2013/01/14 v3.01 Basic AMSFonts support
\@emptytoks=\toks16
\symAMSa=\mathgroup4
\symAMSb=\mathgroup5
LaTeX Font Info:    Overwriting math alphabet `\mathfrak' in version `bold'
(Font)                  U/euf/m/n --> U/euf/b/n on input line 106.
))
(/usr/local/texlive/2013/texmf-dist/tex/latex/hyperref/hyperref.sty
Package: hyperref 2012/11/06 v6.83m Hypertext links for LaTeX

(/usr/local/texlive/2013/texmf-dist/tex/generic/oberdiek/hobsub-hyperref.sty
Package: hobsub-hyperref 2012/05/28 v1.13 Bundle oberdiek, subset hyperref (HO)


(/usr/local/texlive/2013/texmf-dist/tex/generic/oberdiek/hobsub-generic.sty
Package: hobsub-generic 2012/05/28 v1.13 Bundle oberdiek, subset generic (HO)
Package: hobsub 2012/05/28 v1.13 Construct package bundles (HO)
Package hobsub Info: Skipping package `infwarerr' (already loaded).
Package hobsub Info: Skipping package `ltxcmds' (already loaded).
Package: ifluatex 2010/03/01 v1.3 Provides the ifluatex switch (HO)
Package ifluatex Info: LuaTeX not detected.
Package hobsub Info: Skipping package `ifvtex' (already loaded).
Package: intcalc 2007/09/27 v1.1 Expandable calculations with integers (HO)
Package hobsub Info: Skipping package `ifpdf' (already loaded).
Package: etexcmds 2011/02/16 v1.5 Avoid name clashes with e-TeX commands (HO)
Package etexcmds Info: Could not find \expanded.
(etexcmds)             That can mean that you are not using pdfTeX 1.50 or
(etexcmds)             that some package has redefined \expanded.
(etexcmds)             In the latter case, load this package earlier.
Package: kvsetkeys 2012/04/25 v1.16 Key value parser (HO)
Package: kvdefinekeys 2011/04/07 v1.3 Define keys (HO)
Package: pdftexcmds 2011/11/29 v0.20 Utility functions of pdfTeX for LuaTeX (HO
)
Package pdftexcmds Info: LuaTeX not detected.
Package pdftexcmds Info: \pdf@primitive is available.
Package pdftexcmds Info: \pdf@ifprimitive is available.
Package pdftexcmds Info: \pdfdraftmode found.
Package: pdfescape 2011/11/25 v1.13 Implements pdfTeX's escape features (HO)
Package: bigintcalc 2012/04/08 v1.3 Expandable calculations on big integers (HO
)
Package: bitset 2011/01/30 v1.1 Handle bit-vector datatype (HO)
Package: uniquecounter 2011/01/30 v1.2 Provide unlimited unique counter (HO)
)
Package hobsub Info: Skipping package `hobsub' (already loaded).
Package: letltxmacro 2010/09/02 v1.4 Let assignment for LaTeX macros (HO)
Package: hopatch 2012/05/28 v1.2 Wrapper for package hooks (HO)
Package: xcolor-patch 2011/01/30 xcolor patch
Package: atveryend 2011/06/30 v1.8 Hooks at the very end of document (HO)
Package atveryend Info: \enddocument detected (standard20110627).
Package: atbegshi 2011/10/05 v1.16 At begin shipout hook (HO)
Package: refcount 2011/10/16 v3.4 Data extraction from label references (HO)
Package: hycolor 2011/01/30 v1.7 Color options for hyperref/bookmark (HO)
)
(/usr/local/texlive/2013/texmf-dist/tex/latex/oberdiek/auxhook.sty
Package: auxhook 2011/03/04 v1.3 Hooks for auxiliary files (HO)
)
(/usr/local/texlive/2013/texmf-dist/tex/latex/oberdiek/kvoptions.sty
Package: kvoptions 2011/06/30 v3.11 Key value format for package options (HO)
)
\@linkdim=\dimen113
\Hy@linkcounter=\count91
\Hy@pagecounter=\count92

(/usr/local/texlive/2013/texmf-dist/tex/latex/hyperref/pd1enc.def
File: pd1enc.def 2012/11/06 v6.83m Hyperref: PDFDocEncoding definition (HO)
)
\Hy@SavedSpaceFactor=\count93

(/usr/local/texlive/2013/texmf-dist/tex/latex/latexconfig/hyperref.cfg
File: hyperref.cfg 2002/06/06 v1.2 hyperref configuration of TeXLive
)
Package hyperref Info: Option `colorlinks' set `true' on input line 4319.
Package hyperref Info: Hyper figures OFF on input line 4443.
Package hyperref Info: Link nesting OFF on input line 4448.
Package hyperref Info: Hyper index ON on input line 4451.
Package hyperref Info: Plain pages OFF on input line 4458.
Package hyperref Info: Backreferencing OFF on input line 4463.
Package hyperref Info: Implicit mode ON; LaTeX internals redefined.
Package hyperref Info: Bookmarks ON on input line 4688.
\c@Hy@tempcnt=\count94

(/usr/local/texlive/2013/texmf-dist/tex/latex/url/url.sty
\Urlmuskip=\muskip10
Package: url 2006/04/12  ver 3.3  Verb mode for urls, etc.
)
LaTeX Info: Redefining \url on input line 5041.
\XeTeXLinkMargin=\dimen114
\Fld@menulength=\count95
\Field@Width=\dimen115
\Fld@charsize=\dimen116
Package hyperref Info: Hyper figures OFF on input line 6295.
Package hyperref Info: Link nesting OFF on input line 6300.
Package hyperref Info: Hyper index ON on input line 6303.
Package hyperref Info: backreferencing OFF on input line 6310.
Package hyperref Info: Link coloring ON on input line 6313.
Package hyperref Info: Link coloring with OCG OFF on input line 6320.
Package hyperref Info: PDF/A mode OFF on input line 6325.
LaTeX Info: Redefining \ref on input line 6365.
LaTeX Info: Redefining \pageref on input line 6369.
\Hy@abspage=\count96
\c@Item=\count97
\c@Hfootnote=\count98
)

Package hyperref Message: Driver (autodetected): hpdftex.

(/usr/local/texlive/2013/texmf-dist/tex/latex/hyperref/hpdftex.def
File: hpdftex.def 2012/11/06 v6.83m Hyperref driver for pdfTeX
\Fld@listcount=\count99
\c@bookmark@seq@number=\count100

(/usr/local/texlive/2013/texmf-dist/tex/latex/oberdiek/rerunfilecheck.sty
Package: rerunfilecheck 2011/04/15 v1.7 Rerun checks for auxiliary files (HO)
Package uniquecounter Info: New unique counter `rerunfilecheck' on input line 2
82.
)
\Hy@SectionHShift=\skip43
)
(/usr/local/texlive/2013/texmf-dist/tex/latex/graphics/color.sty
Package: color 2005/11/14 v1.0j Standard LaTeX Color (DPC)

(/usr/local/texlive/2013/texmf-dist/tex/latex/latexconfig/color.cfg
File: color.cfg 2007/01/18 v1.5 color configuration of teTeX/TeXLive
)
Package color Info: Driver file: pdftex.def on input line 130.
)
(/usr/local/texlive/2013/texmf-dist/tex/latex/amscls/amsthm.sty
Package: amsthm 2004/08/06 v2.20
\thm@style=\toks17
\thm@bodyfont=\toks18
\thm@headfont=\toks19
\thm@notefont=\toks20
\thm@headpunct=\toks21
\thm@preskip=\skip44
\thm@postskip=\skip45
\thm@headsep=\skip46
\dth@everypar=\toks22
)
(/usr/local/texlive/2013/texmf-dist/tex/latex/amsmath/amsmath.sty
Package: amsmath 2013/01/14 v2.14 AMS math features
\@mathmargin=\skip47

For additional information on amsmath, use the `?' option.
(/usr/local/texlive/2013/texmf-dist/tex/latex/amsmath/amstext.sty
Package: amstext 2000/06/29 v2.01

(/usr/local/texlive/2013/texmf-dist/tex/latex/amsmath/amsgen.sty
File: amsgen.sty 1999/11/30 v2.0
\@emptytoks=\toks23
\ex@=\dimen117
))
(/usr/local/texlive/2013/texmf-dist/tex/latex/amsmath/amsbsy.sty
Package: amsbsy 1999/11/29 v1.2d
\pmbraise@=\dimen118
)
(/usr/local/texlive/2013/texmf-dist/tex/latex/amsmath/amsopn.sty
Package: amsopn 1999/12/14 v2.01 operator names
)
\inf@bad=\count101
LaTeX Info: Redefining \frac on input line 210.
\uproot@=\count102
\leftroot@=\count103
LaTeX Info: Redefining \overline on input line 306.
\classnum@=\count104
\DOTSCASE@=\count105
LaTeX Info: Redefining \ldots on input line 378.
LaTeX Info: Redefining \dots on input line 381.
LaTeX Info: Redefining \cdots on input line 466.
\Mathstrutbox@=\box26
\strutbox@=\box27
\big@size=\dimen119
LaTeX Font Info:    Redeclaring font encoding OML on input line 566.
LaTeX Font Info:    Redeclaring font encoding OMS on input line 567.
\macc@depth=\count106
\c@MaxMatrixCols=\count107
\dotsspace@=\muskip11
\c@parentequation=\count108
\dspbrk@lvl=\count109
\tag@help=\toks24
\row@=\count110
\column@=\count111
\maxfields@=\count112
\andhelp@=\toks25
\eqnshift@=\dimen120
\alignsep@=\dimen121
\tagshift@=\dimen122
\tagwidth@=\dimen123
\totwidth@=\dimen124
\lineht@=\dimen125
\@envbody=\toks26
\multlinegap=\skip48
\multlinetaggap=\skip49
\mathdisplay@stack=\toks27
LaTeX Info: Redefining \[ on input line 2665.
LaTeX Info: Redefining \] on input line 2666.
)
(./largrid.aux

LaTeX Warning: Label `fig:grid23D' multiply defined.


LaTeX Warning: Label `fig:grid23D' multiply defined.

)
\openout1 = `largrid.aux'.

LaTeX Font Info:    Checking defaults for OML/cmm/m/it on input line 46.
LaTeX Font Info:    ... okay on input line 46.
LaTeX Font Info:    Checking defaults for T1/cmr/m/n on input line 46.
LaTeX Font Info:    ... okay on input line 46.
LaTeX Font Info:    Checking defaults for OT1/cmr/m/n on input line 46.
LaTeX Font Info:    ... okay on input line 46.
LaTeX Font Info:    Checking defaults for OMS/cmsy/m/n on input line 46.
LaTeX Font Info:    ... okay on input line 46.
LaTeX Font Info:    Checking defaults for OMX/cmex/m/n on input line 46.
LaTeX Font Info:    ... okay on input line 46.
LaTeX Font Info:    Checking defaults for U/cmr/m/n on input line 46.
LaTeX Font Info:    ... okay on input line 46.
LaTeX Font Info:    Checking defaults for PD1/pdf/m/n on input line 46.
LaTeX Font Info:    ... okay on input line 46.

*geometry* driver: auto-detecting
*geometry* detected driver: pdftex
*geometry* verbose mode - [ preamble ] result:
* driver: pdftex
* paper: letterpaper
* layout: <same size as paper>
* layoutoffset:(h,v)=(0.0pt,0.0pt)
* modes: 
* h-part:(L,W,R)=(92.14519pt, 430.00462pt, 92.14519pt)
* v-part:(T,H,B)=(95.39737pt, 556.47656pt, 143.09605pt)
* \paperwidth=614.295pt
* \paperheight=794.96999pt
* \textwidth=430.00462pt
* \textheight=556.47656pt
* \oddsidemargin=19.8752pt
* \evensidemargin=19.8752pt
* \topmargin=-13.87262pt
* \headheight=12.0pt
* \headsep=25.0pt
* \topskip=11.0pt
* \footskip=30.0pt
* \marginparwidth=59.0pt
* \marginparsep=10.0pt
* \columnsep=10.0pt
* \skip\footins=10.0pt plus 4.0pt minus 2.0pt
* \hoffset=0.0pt
* \voffset=0.0pt
* \mag=1000
* \@twocolumnfalse
* \@twosidefalse
* \@mparswitchfalse
* \@reversemarginfalse
* (1in=72.27pt=25.4mm, 1cm=28.453pt)

(/usr/local/texlive/2013/texmf-dist/tex/context/base/supp-pdf.mkii
[Loading MPS to PDF converter (version 2006.09.02).]
\scratchcounter=\count113
\scratchdimen=\dimen126
\scratchbox=\box28
\nofMPsegments=\count114
\nofMParguments=\count115
\everyMPshowfont=\toks28
\MPscratchCnt=\count116
\MPscratchDim=\dimen127
\MPnumerator=\count117
\makeMPintoPDFobject=\count118
\everyMPtoPDFconversion=\toks29
) (/usr/local/texlive/2013/texmf-dist/tex/latex/oberdiek/epstopdf-base.sty
Package: epstopdf-base 2010/02/09 v2.5 Base part for package epstopdf

(/usr/local/texlive/2013/texmf-dist/tex/latex/oberdiek/grfext.sty
Package: grfext 2010/08/19 v1.1 Manage graphics extensions (HO)
)
Package grfext Info: Graphics extension search list:
(grfext)             [.png,.pdf,.jpg,.mps,.jpeg,.jbig2,.jb2,.PNG,.PDF,.JPG,.JPE
G,.JBIG2,.JB2,.eps]
(grfext)             \AppendGraphicsExtensions on input line 452.

(/usr/local/texlive/2013/texmf-dist/tex/latex/latexconfig/epstopdf-sys.cfg
File: epstopdf-sys.cfg 2010/07/13 v1.3 Configuration of (r)epstopdf for TeX Liv
e
))
\AtBeginShipoutBox=\box29
Package hyperref Info: Link coloring ON on input line 46.

(/usr/local/texlive/2013/texmf-dist/tex/latex/hyperref/nameref.sty
Package: nameref 2012/10/27 v2.43 Cross-referencing by name of section

(/usr/local/texlive/2013/texmf-dist/tex/generic/oberdiek/gettitlestring.sty
Package: gettitlestring 2010/12/03 v1.4 Cleanup title references (HO)
)
\c@section@level=\count119
)
LaTeX Info: Redefining \ref on input line 46.
LaTeX Info: Redefining \pageref on input line 46.
LaTeX Info: Redefining \nameref on input line 46.

(./largrid.out) (./largrid.out)
\@outlinefile=\write3
\openout3 = `largrid.out'.

LaTeX Font Info:    Try loading font information for U+msa on input line 48.

(/usr/local/texlive/2013/texmf-dist/tex/latex/amsfonts/umsa.fd
File: umsa.fd 2013/01/14 v3.01 AMS symbols A
)
LaTeX Font Info:    Try loading font information for U+msb on input line 48.

(/usr/local/texlive/2013/texmf-dist/tex/latex/amsfonts/umsb.fd
File: umsb.fd 2013/01/14 v3.01 AMS symbols B
)

LaTeX Warning: Citation `cclar-proj:2013:00' on page 1 undefined on input line 
48.


(./largrid.toc)
\tf@toc=\write4
\openout4 = `largrid.toc'.

 [1

{/usr/local/texlive/2013/texmf-var/fonts/map/pdftex/updmap/pdftex.map}] [2]

LaTeX Warning: Reference `sec:0-1-complexes' on page 3 undefined on input line 
62.


LaTeX Warning: Reference `sec:cuboids' on page 3 undefined on input line 63.


LaTeX Warning: Reference `sec:product' on page 3 undefined on input line 64.


LaTeX Warning: Reference `sec:tests' on page 3 undefined on input line 66.


LaTeX Warning: Reference `sec:indices' on page 3 undefined on input line 67.


LaTeX Warning: Reference `sec:utilities' on page 3 undefined on input line 68.


Overfull \hbox (23.76299pt too wide) in paragraph at lines 82--88
[]\OT1/cmr/m/n/10.95 @d Gen-er-a-tion of uni-form 0D cel-lu-lar com-plex @def g
rid0(n): cells = AA(LIST)(range(n+1))
 []

[3] [4]
Overfull \hbox (10.12221pt too wide) in paragraph at lines 171--181
[]\OT1/cmr/m/n/10.95 @d Trans-for-ma-tion from multi-n-dex to ad-dress in a lin
-ear ar-ray stor-age @def in-dex2address
 []

LaTeX Font Info:    Font shape `OT1/cmtt/bx/n' in size <10.95> not available
(Font)              Font shape `OT1/cmtt/m/n' tried instead on input line 183.

Overfull \hbox (15.77983pt too wide) in paragraph at lines 186--200
[]\OT1/cmr/m/n/10.95 @d Test ex-am-ple @>>> in-dex2address([3,6])([2,0]) 12 >>>
 AA(index2address([3,6]))(CART([
 []

[5]

LaTeX Font Warning: Command \scriptsize invalid in math mode on input line 212.



LaTeX Font Warning: Command \scriptsize invalid in math mode on input line 212.


<images/grid2D.pdf, id=136, 438.63875pt x 445.665pt>
File: images/grid2D.pdf Graphic file (type pdf)
 <use images/grid2D.pdf>
Package pdftex.def Info: images/grid2D.pdf used on input line 216.
(pdftex.def)             Requested size: 196.9389pt x 200.09857pt.

<images/grid3D.pdf, id=137, 648.4225pt x 565.11125pt>
File: images/grid3D.pdf Graphic file (type pdf)
 <use images/grid3D.pdf>
Package pdftex.def Info: images/grid3D.pdf used on input line 217.
(pdftex.def)             Requested size: 228.76146pt x 199.36989pt.

Overfull \hbox (17.1777pt too wide) in paragraph at lines 225--234
[]\OT1/cmr/m/n/10.95 @D Ex-am-ple of cuboidal grid of di-men-sions $(2\OML/cmm/
m/it/10.95 ; \OT1/cmr/m/n/10.95 3)$ @v1, c1 = [[0.],[1.],[2.],[3.]],[[0,1],[1,2
],[2,3]]
 []


Overfull \hbox (30.86823pt too wide) in paragraph at lines 225--234
\OT1/cmr/m/n/10.95 Prod([c1, c1, c0]) grid3D = vert-Grid,cellGrid VIEW(EXPLODE(
1.2,1.2,1.2)(MKPOLS(grid3D)))
 []

[6 <./images/grid2D.pdf> <./images/grid3D.pdf>]
Overfull \hbox (9.81544pt too wide) in paragraph at lines 257--285
[]\OT1/cmr/m/n/10.95 @D Trac-ing the eval-u-a-tion of ex-pres-sion ``\OT1/cmtt/
m/n/10.95 larCellProd([c1,c1])\OT1/cmr/m/n/10.95 '' @c1 = [[0,1],[1,2],[2,3]]
 []

[7]
Overfull \hbox (4.34198pt too wide) in paragraph at lines 327--333
[]\OT1/cmr/m/n/10.95 @D Fil-ter-ing bi-nary ranges by or-der @def fil-ter-By-Or
der(n): terms = [AA(int)(list(term))
 []


Package amsmath Warning: Foreign command \atopwithdelims;
(amsmath)                \frac or \genfrac should be used instead
(amsmath)                 on input line 336.


Overfull \hbox (7.75261pt too wide) in paragraph at lines 339--357
\OT1/cmr/m/n/10.95 [0,1,0,0], [1,0,0,0]], [[0,0,1,1], [0,1,0,1], [0,1,1,0], [1,
0,0,1], [1,0,1,0], [1,1,0,0]], [[0,1,1,1], [1,0,1,1],
 []


Overfull \hbox (0.57448pt too wide) in paragraph at lines 339--357
\OT1/cmr/m/n/10.95 [1,0,1], [1,1,0]], [[1,1,1]]] >>> fil-ter-By-Order(2) [[[0,0
]], [[0,1], [1,0]], [[1,1]]] >>> fil-ter-By-Order(1)
 []

<images/skel2a.pdf, id=177, 477.785pt x 477.785pt>
File: images/skel2a.pdf Graphic file (type pdf)
 <use images/skel2a.pdf>
Package pdftex.def Info: images/skel2a.pdf used on input line 367.
(pdftex.def)             Requested size: 104.0632pt x 105.34631pt.

<images/skel2b.pdf, id=178, 487.8225pt x 484.81125pt>
File: images/skel2b.pdf Graphic file (type pdf)
 <use images/skel2b.pdf>
Package pdftex.def Info: images/skel2b.pdf used on input line 368.
(pdftex.def)             Requested size: 104.06099pt x 105.34943pt.

<images/skel2c.pdf, id=179, 500.87125pt x 474.77374pt>
File: images/skel2c.pdf Graphic file (type pdf)
 <use images/skel2c.pdf>
Package pdftex.def Info: images/skel2c.pdf used on input line 369.
(pdftex.def)             Requested size: 104.06259pt x 105.34885pt.

<images/skel2.pdf, id=180, 624.3325pt x 617.30624pt>
File: images/skel2.pdf Graphic file (type pdf)
 <use images/skel2.pdf>
Package pdftex.def Info: images/skel2.pdf used on input line 370.
(pdftex.def)             Requested size: 104.05833pt x 105.3457pt.

[8]
Overfull \hbox (23.68686pt too wide) in paragraph at lines 376--387
[]\OT1/cmr/m/n/10.95 @D As-sem-bling grid skele-tons @def larGridSkele-ton(shap
e): n = len(shape) def larGridSkele-
 []

<images/skel0.pdf, id=189, 372.39125pt x 370.38374pt>
File: images/skel0.pdf Graphic file (type pdf)
 <use images/skel0.pdf>
Package pdftex.def Info: images/skel0.pdf used on input line 391.
(pdftex.def)             Requested size: 104.06427pt x 105.34569pt.

<images/skel1.pdf, id=190, 619.31375pt x 623.32875pt>
File: images/skel1.pdf Graphic file (type pdf)
 <use images/skel1.pdf>
Package pdftex.def Info: images/skel1.pdf used on input line 392.
(pdftex.def)             Requested size: 104.0629pt x 105.34625pt.
File: images/skel2.pdf Graphic file (type pdf)

<use images/skel2.pdf>
Package pdftex.def Info: images/skel2.pdf used on input line 393.
(pdftex.def)             Requested size: 104.05833pt x 105.3457pt.
 <images/skel3.pdf, id=191, 544.0325pt x 549.05125pt>
File: images/skel3.pdf Graphic file (type pdf)

<use images/skel3.pdf>
Package pdftex.def Info: images/skel3.pdf used on input line 394.
(pdftex.def)             Requested size: 104.05624pt x 105.34291pt.

Overfull \hbox (5.39525pt too wide) in paragraph at lines 406--408
 []\OT1/cmr/bx/n/10.95 Generation of (hyper)-cuboidal grids[] \OT1/cmr/m/n/10.9
5 The gen-er-ated com-plex is al-ways full-dimension,
 []

[9 <./images/skel2a.pdf> <./images/skel2b.pdf> <./images/skel2c.pdf> <./images/
skel2.pdf> <./images/skel0.pdf> <./images/skel1.pdf> <./images/skel3.pdf>]
Overfull \hbox (118.13206pt too wide) in paragraph at lines 430--436
[]\OT1/cmr/m/n/10.95 @d Mul-ti-di-men-sional vi-su-al-i-sa-tion ex-am-ples @VIE
W(EXPLODE(1.5,1.5,1.5)(MKPOLS(larCuboids([3],True))))
 []


Overfull \hbox (222.37306pt too wide) in paragraph at lines 430--436
\OT1/cmr/m/n/10.95 VIEW(EXPLODE(1.5,1.5,1.5)(MKPOLS(larCuboids([3,2],True)))) V
IEW(EXPLODE(1.5,1.5,1.5)(MKPOLS(larCuboids([3,2,1],True))))
 []

<images/complex3.pdf, id=271, 790.955pt x 562.1pt>
File: images/complex3.pdf Graphic file (type pdf)
 <use images/complex3.pdf>
Package pdftex.def Info: images/complex3.pdf used on input line 439.
(pdftex.def)             Requested size: 134.59296pt x 95.65007pt.

<images/complex32.pdf, id=272, 601.24625pt x 405.515pt>
File: images/complex32.pdf Graphic file (type pdf)

<use images/complex32.pdf>
Package pdftex.def Info: images/complex32.pdf used on input line 440.
(pdftex.def)             Requested size: 141.9023pt x 95.7044pt.

<images/complex321.pdf, id=273, 678.535pt x 496.85625pt>
File: images/complex321.pdf Graphic file (type pdf)

<use images/complex321.pdf>
Package pdftex.def Info: images/complex321.pdf used on input line 441.
(pdftex.def)             Requested size: 131.14825pt x 96.02608pt.
 [10 <./images/complex3.pdf> <./images/complex32.pdf> <./images/complex321.pdf>
]
./largrid.tex:476: Missing $ inserted.
<inserted text> 
                $
l.476         if not vertices.has_
                                  key(id):
I've inserted a begin-math/end-math symbol since I think
you left one out. Proceed, with fingers crossed.

./largrid.tex:478: Extra }, or forgotten $.
l.478             k += 1	@}
                           
I've deleted a group-closing symbol because it seems to be
spurious, as in `$x}$'. But perhaps the } is legitimate and
you forgot something else, as in `\hbox{$x}'. In such cases
the way to recover is to insert both the forgotten and the
deleted material, e.g., by typing `I$}'.

./largrid.tex:480: Missing $ inserted.
<inserted text> 
                $
l.480 
      
I've inserted a begin-math/end-math symbol since I think
you left one out. Proceed, with fingers crossed.

./largrid.tex:491: Missing $ inserted.
<inserted text> 
                $
l.491 @{if _
            _name__ == "__main__":
I've inserted a begin-math/end-math symbol since I think
you left one out. Proceed, with fingers crossed.

./largrid.tex:491: Missing { inserted.
<to be read again> 
                   _
l.491 @{if __
             name__ == "__main__":
A left brace was mandatory here, so I've put one in.
You might want to delete and/or insert some corrections
so that I will find a matching right brace soon.
(If you're confused by all this, try typing `I}' now.)

./largrid.tex:491: Missing { inserted.
<to be read again> 
                   _
l.491 @{if __name__
                    == "__main__":
A left brace was mandatory here, so I've put one in.
You might want to delete and/or insert some corrections
so that I will find a matching right brace soon.
(If you're confused by all this, try typing `I}' now.)

./largrid.tex:491: Missing { inserted.
<to be read again> 
                   _
l.491 @{if __name__ == "__
                          main__":
A left brace was mandatory here, so I've put one in.
You might want to delete and/or insert some corrections
so that I will find a matching right brace soon.
(If you're confused by all this, try typing `I}' now.)

./largrid.tex:491: Missing { inserted.
<to be read again> 
                   _
l.491 @{if __name__ == "__main__
                                ":
A left brace was mandatory here, so I've put one in.
You might want to delete and/or insert some corrections
so that I will find a matching right brace soon.
(If you're confused by all this, try typing `I}' now.)

./largrid.tex:496: Missing $ inserted.
<inserted text> 
                $
l.496 
      
I've inserted a begin-math/end-math symbol since I think
you left one out. Proceed, with fingers crossed.

./largrid.tex:496: Missing } inserted.
<inserted text> 
                }
l.496 
      
I've inserted something that you may have forgotten.
(See the <inserted text> above.)
With luck, this will get me unwedged. But if you
really didn't forget anything, try typing `2' now; then
my insertion and my current dilemma will both disappear.

./largrid.tex:496: Missing } inserted.
<inserted text> 
                }
l.496 
      
I've inserted something that you may have forgotten.
(See the <inserted text> above.)
With luck, this will get me unwedged. But if you
really didn't forget anything, try typing `2' now; then
my insertion and my current dilemma will both disappear.

./largrid.tex:496: Missing } inserted.
<inserted text> 
                }
l.496 
      
I've inserted something that you may have forgotten.
(See the <inserted text> above.)
With luck, this will get me unwedged. But if you
really didn't forget anything, try typing `2' now; then
my insertion and my current dilemma will both disappear.

./largrid.tex:496: Missing } inserted.
<inserted text> 
                }
l.496 
      
I've inserted something that you may have forgotten.
(See the <inserted text> above.)
With luck, this will get me unwedged. But if you
really didn't forget anything, try typing `2' now; then
my insertion and my current dilemma will both disappear.


Overfull \hbox (211.34389pt too wide) in paragraph at lines 490--496
[]\OT1/cmr/m/n/10.95 @d Test ex-am-ples @if $[]$ 
 []

./largrid.tex:497: Missing $ inserted.
<inserted text> 
                $
l.497     squares = larModelProduct([mod_
                                         0,mod_1])
I've inserted a begin-math/end-math symbol since I think
you left one out. Proceed, with fingers crossed.

./largrid.tex:499: Missing $ inserted.
<inserted text> 
                $
l.499 
      
I've inserted a begin-math/end-math symbol since I think
you left one out. Proceed, with fingers crossed.


Overfull \hbox (61.59706pt too wide) in paragraph at lines 497--499
[]\OT1/cmr/m/n/10.95 squares = larModelProduct([mod$[]\OML/cmm/m/it/10.95 ; mod
[]\OT1/cmr/m/n/10.95 ])\OML/cmm/m/it/10.95 VIEW\OT1/cmr/m/n/10.95 (\OML/cmm/m/i
t/10.95 EXPLODE\OT1/cmr/m/n/10.95 (1\OML/cmm/m/it/10.95 :\OT1/cmr/m/n/10.95 2\O
ML/cmm/m/it/10.95 ; \OT1/cmr/m/n/10.95 1\OML/cmm/m/it/10.95 :\OT1/cmr/m/n/10.95
 2\OML/cmm/m/it/10.95 ; \OT1/cmr/m/n/10.95 1\OML/cmm/m/it/10.95 :\OT1/cmr/m/n/1
0.95 2)(\OML/cmm/m/it/10.95 MKPOLS\OT1/cmr/m/n/10.95 (\OML/cmm/m/it/10.95 squar
es\OT1/cmr/m/n/10.95 )))$ 
 []

./largrid.tex:500: Missing $ inserted.
<inserted text> 
                $
l.500     cubes = INSL(larModelProduct)([mod_
                                             0,mod_1,mod_0]) # ==
I've inserted a begin-math/end-math symbol since I think
you left one out. Proceed, with fingers crossed.

./largrid.tex:500: You can't use `macro parameter character #' in math mode.
l.500 ...L(larModelProduct)([mod_0,mod_1,mod_0]) #
                                                   ==
Sorry, but I'm not programmed to handle this case;
I'll just pretend that you didn't ask for it.
If you're in the wrong mode, you might be able to
return to the right one by typing `I}' or `I$' or `I\par'.

./largrid.tex:503: Extra }, or forgotten $.
l.503 @}
        
I've deleted a group-closing symbol because it seems to be
spurious, as in `$x}$'. But perhaps the } is legitimate and
you forgot something else, as in `\hbox{$x}'. In such cases
the way to recover is to insert both the forgotten and the
deleted material, e.g., by typing `I$}'.

./largrid.tex:505: Missing $ inserted.
<inserted text> 
                $
l.505 
      
I've inserted a begin-math/end-math symbol since I think
you left one out. Proceed, with fingers crossed.


Overfull \hbox (345.46843pt too wide) in paragraph at lines 500--505
[]\OT1/cmr/m/n/10.95 cubes = INSL(larModelProduct)([mod$[]\OML/cmm/m/it/10.95 ;
 mod[]; mod[]\OT1/cmr/m/n/10.95 ]) == \OML/cmm/m/it/10.95 cubes \OT1/cmr/m/n/10
.95 = \OML/cmm/m/it/10.95 larModelProduct\OT1/cmr/m/n/10.95 ([\OML/cmm/m/it/10.
95 squares; mod[]\OT1/cmr/m/n/10.95 ])\OML/cmm/m/it/10.95 VIEW\OT1/cmr/m/n/10.9
5 (\OML/cmm/m/it/10.95 EXPLODE\OT1/cmr/m/n/10.95 (1\OML/cmm/m/it/10.95 :\OT1/cm
r/m/n/10.95 2\OML/cmm/m/it/10.95 ; \OT1/cmr/m/n/10.95 1\OML/cmm/m/it/10.95 :\OT
1/cmr/m/n/10.95 2\OML/cmm/m/it/10.95 ; \OT1/cmr/m/n/10.95 1\OML/cmm/m/it/10.95 
:\OT1/cmr/m/n/10.95 2)(\OML/cmm/m/it/10.95 MKPOLS\OT1/cmr/m/n/10.95 (\OML/cmm/m
/it/10.95 cubes\OT1/cmr/m/n/10.95 )))@$ 
 []

./largrid.tex:511: Missing $ inserted.
<inserted text> 
                $
l.511 @{mod_
            1 = grid1(1)(4)
I've inserted a begin-math/end-math symbol since I think
you left one out. Proceed, with fingers crossed.

./largrid.tex:517: Extra }, or forgotten $.
l.517 @}
        
I've deleted a group-closing symbol because it seems to be
spurious, as in `$x}$'. But perhaps the } is legitimate and
you forgot something else, as in `\hbox{$x}'. In such cases
the way to recover is to insert both the forgotten and the
deleted material, e.g., by typing `I$}'.

./largrid.tex:519: Missing $ inserted.
<inserted text> 
                $
l.519 
      
I've inserted a begin-math/end-math symbol since I think
you left one out. Proceed, with fingers crossed.


Overfull \hbox (295.55785pt too wide) in paragraph at lines 510--519
[]\OT1/cmr/m/n/10.95 @d Test ex-am-ples @mod$[] = \OML/cmm/m/it/10.95 grid\OT1/
cmr/m/n/10.95 1(1)(4)\OML/cmm/m/it/10.95 squares \OT1/cmr/m/n/10.95 = \OML/cmm/
m/it/10.95 larModelProduct\OT1/cmr/m/n/10.95 ([\OML/cmm/m/it/10.95 mod[]; mod[]
\OT1/cmr/m/n/10.95 ])\OML/cmm/m/it/10.95 VIEW\OT1/cmr/m/n/10.95 (\OML/cmm/m/it/
10.95 EXPLODE\OT1/cmr/m/n/10.95 (1\OML/cmm/m/it/10.95 :\OT1/cmr/m/n/10.95 2\OML
/cmm/m/it/10.95 ; \OT1/cmr/m/n/10.95 1\OML/cmm/m/it/10.95 :\OT1/cmr/m/n/10.95 2
\OML/cmm/m/it/10.95 ; \OT1/cmr/m/n/10.95 1\OML/cmm/m/it/10.95 :\OT1/cmr/m/n/10.
95 2)(\OML/cmm/m/it/10.95 MKPOLS\OT1/cmr/m/n/10.95 (\OML/cmm/m/it/10.95 squares
\OT1/cmr/m/n/10.95 )))\OML/cmm/m/it/10.95 cubes \OT1/cmr/m/n/10.95 =
 []


Overfull \hbox (38.0372pt too wide) in paragraph at lines 510--519
\OML/cmm/m/it/10.95 larModelProduct\OT1/cmr/m/n/10.95 ([\OML/cmm/m/it/10.95 squ
ares; mod[]\OT1/cmr/m/n/10.95 ])\OML/cmm/m/it/10.95 VIEW\OT1/cmr/m/n/10.95 (\OM
L/cmm/m/it/10.95 EXPLODE\OT1/cmr/m/n/10.95 (1\OML/cmm/m/it/10.95 :\OT1/cmr/m/n/
10.95 2\OML/cmm/m/it/10.95 ; \OT1/cmr/m/n/10.95 1\OML/cmm/m/it/10.95 :\OT1/cmr/
m/n/10.95 2\OML/cmm/m/it/10.95 ; \OT1/cmr/m/n/10.95 1\OML/cmm/m/it/10.95 :\OT1/
cmr/m/n/10.95 2)(\OML/cmm/m/it/10.95 MKPOLS\OT1/cmr/m/n/10.95 (\OML/cmm/m/it/10
.95 cubes\OT1/cmr/m/n/10.95 )))\OML/cmm/m/it/10.95 cubes \OT1/cmr/m/n/10.95 =
 []

./largrid.tex:541: Missing $ inserted.
<inserted text> 
                $
l.541 if _
          _name__=="__main__":
I've inserted a begin-math/end-math symbol since I think
you left one out. Proceed, with fingers crossed.

./largrid.tex:541: Missing { inserted.
<to be read again> 
                   _
l.541 if __
           name__=="__main__":
A left brace was mandatory here, so I've put one in.
You might want to delete and/or insert some corrections
so that I will find a matching right brace soon.
(If you're confused by all this, try typing `I}' now.)

./largrid.tex:541: Missing { inserted.
<to be read again> 
                   _
l.541 if __name__
                 =="__main__":
A left brace was mandatory here, so I've put one in.
You might want to delete and/or insert some corrections
so that I will find a matching right brace soon.
(If you're confused by all this, try typing `I}' now.)

./largrid.tex:541: Missing { inserted.
<to be read again> 
                   _
l.541 if __name__=="__
                      main__":
A left brace was mandatory here, so I've put one in.
You might want to delete and/or insert some corrections
so that I will find a matching right brace soon.
(If you're confused by all this, try typing `I}' now.)

./largrid.tex:541: Missing { inserted.
<to be read again> 
                   _
l.541 if __name__=="__main__
                            ":
A left brace was mandatory here, so I've put one in.
You might want to delete and/or insert some corrections
so that I will find a matching right brace soon.
(If you're confused by all this, try typing `I}' now.)

./largrid.tex:545: Missing $ inserted.
<inserted text> 
                $
l.545 
      
I've inserted a begin-math/end-math symbol since I think
you left one out. Proceed, with fingers crossed.

./largrid.tex:545: Missing } inserted.
<inserted text> 
                }
l.545 
      
I've inserted something that you may have forgotten.
(See the <inserted text> above.)
With luck, this will get me unwedged. But if you
really didn't forget anything, try typing `2' now; then
my insertion and my current dilemma will both disappear.

./largrid.tex:545: Missing } inserted.
<inserted text> 
                }
l.545 
      
I've inserted something that you may have forgotten.
(See the <inserted text> above.)
With luck, this will get me unwedged. But if you
really didn't forget anything, try typing `2' now; then
my insertion and my current dilemma will both disappear.

./largrid.tex:545: Missing } inserted.
<inserted text> 
                }
l.545 
      
I've inserted something that you may have forgotten.
(See the <inserted text> above.)
With luck, this will get me unwedged. But if you
really didn't forget anything, try typing `2' now; then
my insertion and my current dilemma will both disappear.


Overfull \hbox (11.90723pt too wide) in paragraph at lines 524--545
\OT1/cmr/m/n/10.95 Haskell, OpenCL ker-nels) will be (hope-fully soon) ap-pende
d. @O lib/py/largrid.py @"""Mod-
 []

[11]
Overfull \hbox (28.76772pt too wide) in paragraph at lines 564--568
[]\OT1/cmr/m/n/10.95 @o test/py/largrid/test01.py @@< cre-ate di-rec-tory and e
cho of cre-ation: @(test/py/largrid/@)
 []


Overfull \hbox (47.2943pt too wide) in paragraph at lines 574--586
\OT1/cmr/m/n/10.95 == [[0.0], [0.5235987755982988], [1.0471975511965976], [1.57
07963267948966], [2.0943951023931953],
 []


Overfull \hbox (79.53596pt too wide) in paragraph at lines 574--586
\OT1/cmr/m/n/10.95 [2.617993877991494], [3.141592653589793], [3.665191429188092
], [4.1887902047863905], [4.71238898038469],
 []


Overfull \hbox (4.71107pt too wide) in paragraph at lines 608--617
\OT1/cmr/m/n/10.95 Cre-ate di-rec-tory from path @im-port os def cre-ate-Dir(di
rpath): if not os.path.exists(dirpath):
 []


Overfull \hbox (4.43732pt too wide) in paragraph at lines 618--625
\OT1/cmr/m/n/10.95 @o test/py/largrid-tests.py @@< Cre-ate di-rec-tory from pat
h @> cre-ate-Dir('test/py/largrid/')
 []

No file largrid.bbl.
Package atveryend Info: Empty hook `BeforeClearDocument' on input line 631.
[12]
Package atveryend Info: Empty hook `AfterLastShipout' on input line 631.
 (./largrid.aux)
Package atveryend Info: Executing hook `AtVeryEndDocument' on input line 631.
Package atveryend Info: Executing hook `AtEndAfterFileList' on input line 631.


Package rerunfilecheck Warning: File `largrid.out' has changed.
(rerunfilecheck)                Rerun to get outlines right
(rerunfilecheck)                or use package `bookmark'.

Package rerunfilecheck Info: Checksums for `largrid.out':
(rerunfilecheck)             Before: 5D4E39C80E1E62589AFB10951C48D3F8;1170
(rerunfilecheck)             After:  48FE7B536F01AA70F873776234CB9AD7;1417.

LaTeX Warning: There were undefined references.


LaTeX Warning: There were multiply-defined labels.

Package atveryend Info: Empty hook `AtVeryVeryEnd' on input line 631.
 )
(\end occurred inside a group at level 4)

### simple group (level 4) entered at line 527 ({)
### simple group (level 3) entered at line 511 ({)
### simple group (level 2) entered at line 491 ({)
### simple group (level 1) entered at line 472 ({)
### bottom level 
Here is how much of TeX's memory you used:
 6667 strings out of 493315
 96159 string characters out of 6137904
 188015 words of memory out of 5000000
 9969 multiletter control sequences out of 15000+600000
 17654 words of font info for 69 fonts, out of 8000000 for 9000
 957 hyphenation exceptions out of 8191
 32i,10n,28p,920b,427s stack positions out of 5000i,500n,10000p,200000b,80000s
pdfTeX warning (dest): name{subsection.5.1} has been referenced
 but does not exist, replaced by a fixed one

pdfTeX warning (dest): name{subsection.4.1} has been referenced but does not ex
ist, replaced by a fixed one

</usr/local/texlive/2013/texmf-dist/fonts/type1/public/amsfonts/cm/cmbx10.pfb><
/usr/local/texlive/2013/texmf-dist/fonts/type1/public/amsfonts/cm/cmbx12.pfb></
usr/local/texlive/2013/texmf-dist/fonts/type1/public/amsfonts/cm/cmbx9.pfb></us
r/local/texlive/2013/texmf-dist/fonts/type1/public/amsfonts/cm/cmex10.pfb></usr
/local/texlive/2013/texmf-dist/fonts/type1/public/amsfonts/cm/cmmi10.pfb></usr/
local/texlive/2013/texmf-dist/fonts/type1/public/amsfonts/cm/cmmi6.pfb></usr/lo
cal/texlive/2013/texmf-dist/fonts/type1/public/amsfonts/cm/cmmi8.pfb></usr/loca
l/texlive/2013/texmf-dist/fonts/type1/public/amsfonts/cm/cmr10.pfb></usr/local/
texlive/2013/texmf-dist/fonts/type1/public/amsfonts/cm/cmr12.pfb></usr/local/te
xlive/2013/texmf-dist/fonts/type1/public/amsfonts/cm/cmr17.pfb></usr/local/texl
ive/2013/texmf-dist/fonts/type1/public/amsfonts/cm/cmr6.pfb></usr/local/texlive
/2013/texmf-dist/fonts/type1/public/amsfonts/cm/cmr8.pfb></usr/local/texlive/20
13/texmf-dist/fonts/type1/public/amsfonts/cm/cmr9.pfb></usr/local/texlive/2013/
texmf-dist/fonts/type1/public/amsfonts/cm/cmsy10.pfb></usr/local/texlive/2013/t
exmf-dist/fonts/type1/public/amsfonts/cm/cmsy6.pfb></usr/local/texlive/2013/tex
mf-dist/fonts/type1/public/amsfonts/cm/cmsy8.pfb></usr/local/texlive/2013/texmf
-dist/fonts/type1/public/amsfonts/cm/cmti10.pfb></usr/local/texlive/2013/texmf-
dist/fonts/type1/public/amsfonts/cm/cmti9.pfb></usr/local/texlive/2013/texmf-di
st/fonts/type1/public/amsfonts/cm/cmtt10.pfb></usr/local/texlive/2013/texmf-dis
t/fonts/type1/public/amsfonts/symbols/msbm10.pfb>
Output written on largrid.pdf (12 pages, 641168 bytes).
PDF statistics:
 404 PDF objects out of 1000 (max. 8388607)
 318 compressed objects within 4 object streams
 56 named destinations out of 1000 (max. 500000)
 189 words of extra memory for PDF output out of 10000 (max. 10000000)

