This is pdfTeX, Version 3.1415926-2.5-1.40.14 (TeX Live 2013) (format=pdflatex 2013.6.23)  3 JAN 2014 16:26
entering extended mode
 restricted \write18 enabled.
 file:line:error style messages enabled.
 %&-line parsing enabled.
**smplxn.tex
(./smplxn.tex
LaTeX2e <2011/06/27>
Babel <3.9f> and hyphenation patterns for 78 languages loaded.
(/usr/local/texlive/2013/texmf-dist/tex/latex/base/article.cls
Document Class: article 2007/10/19 v1.4h Standard LaTeX document class
(/usr/local/texlive/2013/texmf-dist/tex/latex/base/size11.clo
File: size11.clo 2007/10/19 v1.4h Standard LaTeX file (size option)
)
\c@part=\count79
\c@section=\count80
\c@subsection=\count81
\c@subsubsection=\count82
\c@paragraph=\count83
\c@subparagraph=\count84
\c@figure=\count85
\c@table=\count86
\abovecaptionskip=\skip41
\belowcaptionskip=\skip42
\bibindent=\dimen102
)
(/usr/local/texlive/2013/texmf-dist/tex/latex/geometry/geometry.sty
Package: geometry 2010/09/12 v5.6 Page Geometry

(/usr/local/texlive/2013/texmf-dist/tex/latex/graphics/keyval.sty
Package: keyval 1999/03/16 v1.13 key=value parser (DPC)
\KV@toks@=\toks14
)
(/usr/local/texlive/2013/texmf-dist/tex/generic/oberdiek/ifpdf.sty
Package: ifpdf 2011/01/30 v2.3 Provides the ifpdf switch (HO)
Package ifpdf Info: pdfTeX in PDF mode is detected.
)
(/usr/local/texlive/2013/texmf-dist/tex/generic/oberdiek/ifvtex.sty
Package: ifvtex 2010/03/01 v1.5 Detect VTeX and its facilities (HO)
Package ifvtex Info: VTeX not detected.
)
(/usr/local/texlive/2013/texmf-dist/tex/generic/ifxetex/ifxetex.sty
Package: ifxetex 2010/09/12 v0.6 Provides ifxetex conditional
)
\Gm@cnth=\count87
\Gm@cntv=\count88
\c@Gm@tempcnt=\count89
\Gm@bindingoffset=\dimen103
\Gm@wd@mp=\dimen104
\Gm@odd@mp=\dimen105
\Gm@even@mp=\dimen106
\Gm@layoutwidth=\dimen107
\Gm@layoutheight=\dimen108
\Gm@layouthoffset=\dimen109
\Gm@layoutvoffset=\dimen110
\Gm@dimlist=\toks15
)
(/usr/local/texlive/2013/texmf-dist/tex/latex/graphics/graphicx.sty
Package: graphicx 1999/02/16 v1.0f Enhanced LaTeX Graphics (DPC,SPQR)

(/usr/local/texlive/2013/texmf-dist/tex/latex/graphics/graphics.sty
Package: graphics 2009/02/05 v1.0o Standard LaTeX Graphics (DPC,SPQR)

(/usr/local/texlive/2013/texmf-dist/tex/latex/graphics/trig.sty
Package: trig 1999/03/16 v1.09 sin cos tan (DPC)
)
(/usr/local/texlive/2013/texmf-dist/tex/latex/latexconfig/graphics.cfg
File: graphics.cfg 2010/04/23 v1.9 graphics configuration of TeX Live
)
Package graphics Info: Driver file: pdftex.def on input line 91.

(/usr/local/texlive/2013/texmf-dist/tex/latex/pdftex-def/pdftex.def
File: pdftex.def 2011/05/27 v0.06d Graphics/color for pdfTeX

(/usr/local/texlive/2013/texmf-dist/tex/generic/oberdiek/infwarerr.sty
Package: infwarerr 2010/04/08 v1.3 Providing info/warning/error messages (HO)
)
(/usr/local/texlive/2013/texmf-dist/tex/generic/oberdiek/ltxcmds.sty
Package: ltxcmds 2011/11/09 v1.22 LaTeX kernel commands for general use (HO)
)
\Gread@gobject=\count90
))
\Gin@req@height=\dimen111
\Gin@req@width=\dimen112
)
(/usr/local/texlive/2013/texmf-dist/tex/latex/amsfonts/amssymb.sty
Package: amssymb 2013/01/14 v3.01 AMS font symbols

(/usr/local/texlive/2013/texmf-dist/tex/latex/amsfonts/amsfonts.sty
Package: amsfonts 2013/01/14 v3.01 Basic AMSFonts support
\@emptytoks=\toks16
\symAMSa=\mathgroup4
\symAMSb=\mathgroup5
LaTeX Font Info:    Overwriting math alphabet `\mathfrak' in version `bold'
(Font)                  U/euf/m/n --> U/euf/b/n on input line 106.
))
(/usr/local/texlive/2013/texmf-dist/tex/latex/amsmath/amsmath.sty
Package: amsmath 2013/01/14 v2.14 AMS math features
\@mathmargin=\skip43

For additional information on amsmath, use the `?' option.
(/usr/local/texlive/2013/texmf-dist/tex/latex/amsmath/amstext.sty
Package: amstext 2000/06/29 v2.01

(/usr/local/texlive/2013/texmf-dist/tex/latex/amsmath/amsgen.sty
File: amsgen.sty 1999/11/30 v2.0
\@emptytoks=\toks17
\ex@=\dimen113
))
(/usr/local/texlive/2013/texmf-dist/tex/latex/amsmath/amsbsy.sty
Package: amsbsy 1999/11/29 v1.2d
\pmbraise@=\dimen114
)
(/usr/local/texlive/2013/texmf-dist/tex/latex/amsmath/amsopn.sty
Package: amsopn 1999/12/14 v2.01 operator names
)
\inf@bad=\count91
LaTeX Info: Redefining \frac on input line 210.
\uproot@=\count92
\leftroot@=\count93
LaTeX Info: Redefining \overline on input line 306.
\classnum@=\count94
\DOTSCASE@=\count95
LaTeX Info: Redefining \ldots on input line 378.
LaTeX Info: Redefining \dots on input line 381.
LaTeX Info: Redefining \cdots on input line 466.
\Mathstrutbox@=\box26
\strutbox@=\box27
\big@size=\dimen115
LaTeX Font Info:    Redeclaring font encoding OML on input line 566.
LaTeX Font Info:    Redeclaring font encoding OMS on input line 567.
\macc@depth=\count96
\c@MaxMatrixCols=\count97
\dotsspace@=\muskip10
\c@parentequation=\count98
\dspbrk@lvl=\count99
\tag@help=\toks18
\row@=\count100
\column@=\count101
\maxfields@=\count102
\andhelp@=\toks19
\eqnshift@=\dimen116
\alignsep@=\dimen117
\tagshift@=\dimen118
\tagwidth@=\dimen119
\totwidth@=\dimen120
\lineht@=\dimen121
\@envbody=\toks20
\multlinegap=\skip44
\multlinetaggap=\skip45
\mathdisplay@stack=\toks21
LaTeX Info: Redefining \[ on input line 2665.
LaTeX Info: Redefining \] on input line 2666.
)
(/usr/local/texlive/2013/texmf-dist/tex/latex/amscls/amsthm.sty
Package: amsthm 2004/08/06 v2.20
\thm@style=\toks22
\thm@bodyfont=\toks23
\thm@headfont=\toks24
\thm@notefont=\toks25
\thm@headpunct=\toks26
\thm@preskip=\skip46
\thm@postskip=\skip47
\thm@headsep=\skip48
\dth@everypar=\toks27
)
\c@definition=\count103
\c@theorem=\count104

(/usr/local/texlive/2013/texmf-dist/tex/latex/hyperref/hyperref.sty
Package: hyperref 2012/11/06 v6.83m Hypertext links for LaTeX

(/usr/local/texlive/2013/texmf-dist/tex/generic/oberdiek/hobsub-hyperref.sty
Package: hobsub-hyperref 2012/05/28 v1.13 Bundle oberdiek, subset hyperref (HO)


(/usr/local/texlive/2013/texmf-dist/tex/generic/oberdiek/hobsub-generic.sty
Package: hobsub-generic 2012/05/28 v1.13 Bundle oberdiek, subset generic (HO)
Package: hobsub 2012/05/28 v1.13 Construct package bundles (HO)
Package hobsub Info: Skipping package `infwarerr' (already loaded).
Package hobsub Info: Skipping package `ltxcmds' (already loaded).
Package: ifluatex 2010/03/01 v1.3 Provides the ifluatex switch (HO)
Package ifluatex Info: LuaTeX not detected.
Package hobsub Info: Skipping package `ifvtex' (already loaded).
Package: intcalc 2007/09/27 v1.1 Expandable calculations with integers (HO)
Package hobsub Info: Skipping package `ifpdf' (already loaded).
Package: etexcmds 2011/02/16 v1.5 Avoid name clashes with e-TeX commands (HO)
Package etexcmds Info: Could not find \expanded.
(etexcmds)             That can mean that you are not using pdfTeX 1.50 or
(etexcmds)             that some package has redefined \expanded.
(etexcmds)             In the latter case, load this package earlier.
Package: kvsetkeys 2012/04/25 v1.16 Key value parser (HO)
Package: kvdefinekeys 2011/04/07 v1.3 Define keys (HO)
Package: pdftexcmds 2011/11/29 v0.20 Utility functions of pdfTeX for LuaTeX (HO
)
Package pdftexcmds Info: LuaTeX not detected.
Package pdftexcmds Info: \pdf@primitive is available.
Package pdftexcmds Info: \pdf@ifprimitive is available.
Package pdftexcmds Info: \pdfdraftmode found.
Package: pdfescape 2011/11/25 v1.13 Implements pdfTeX's escape features (HO)
Package: bigintcalc 2012/04/08 v1.3 Expandable calculations on big integers (HO
)
Package: bitset 2011/01/30 v1.1 Handle bit-vector datatype (HO)
Package: uniquecounter 2011/01/30 v1.2 Provide unlimited unique counter (HO)
)
Package hobsub Info: Skipping package `hobsub' (already loaded).
Package: letltxmacro 2010/09/02 v1.4 Let assignment for LaTeX macros (HO)
Package: hopatch 2012/05/28 v1.2 Wrapper for package hooks (HO)
Package: xcolor-patch 2011/01/30 xcolor patch
Package: atveryend 2011/06/30 v1.8 Hooks at the very end of document (HO)
Package atveryend Info: \enddocument detected (standard20110627).
Package: atbegshi 2011/10/05 v1.16 At begin shipout hook (HO)
Package: refcount 2011/10/16 v3.4 Data extraction from label references (HO)
Package: hycolor 2011/01/30 v1.7 Color options for hyperref/bookmark (HO)
)
(/usr/local/texlive/2013/texmf-dist/tex/latex/oberdiek/auxhook.sty
Package: auxhook 2011/03/04 v1.3 Hooks for auxiliary files (HO)
)
(/usr/local/texlive/2013/texmf-dist/tex/latex/oberdiek/kvoptions.sty
Package: kvoptions 2011/06/30 v3.11 Key value format for package options (HO)
)
\@linkdim=\dimen122
\Hy@linkcounter=\count105
\Hy@pagecounter=\count106

(/usr/local/texlive/2013/texmf-dist/tex/latex/hyperref/pd1enc.def
File: pd1enc.def 2012/11/06 v6.83m Hyperref: PDFDocEncoding definition (HO)
)
\Hy@SavedSpaceFactor=\count107

(/usr/local/texlive/2013/texmf-dist/tex/latex/latexconfig/hyperref.cfg
File: hyperref.cfg 2002/06/06 v1.2 hyperref configuration of TeXLive
)
Package hyperref Info: Hyper figures OFF on input line 4443.
Package hyperref Info: Link nesting OFF on input line 4448.
Package hyperref Info: Hyper index ON on input line 4451.
Package hyperref Info: Plain pages OFF on input line 4458.
Package hyperref Info: Backreferencing OFF on input line 4463.
Package hyperref Info: Implicit mode ON; LaTeX internals redefined.
Package hyperref Info: Bookmarks ON on input line 4688.
\c@Hy@tempcnt=\count108

(/usr/local/texlive/2013/texmf-dist/tex/latex/url/url.sty
\Urlmuskip=\muskip11
Package: url 2006/04/12  ver 3.3  Verb mode for urls, etc.
)
LaTeX Info: Redefining \url on input line 5041.
\XeTeXLinkMargin=\dimen123
\Fld@menulength=\count109
\Field@Width=\dimen124
\Fld@charsize=\dimen125
Package hyperref Info: Hyper figures OFF on input line 6295.
Package hyperref Info: Link nesting OFF on input line 6300.
Package hyperref Info: Hyper index ON on input line 6303.
Package hyperref Info: backreferencing OFF on input line 6310.
Package hyperref Info: Link coloring OFF on input line 6315.
Package hyperref Info: Link coloring with OCG OFF on input line 6320.
Package hyperref Info: PDF/A mode OFF on input line 6325.
LaTeX Info: Redefining \ref on input line 6365.
LaTeX Info: Redefining \pageref on input line 6369.
\Hy@abspage=\count110
\c@Item=\count111
\c@Hfootnote=\count112
)

Package hyperref Message: Driver (autodetected): hpdftex.

(/usr/local/texlive/2013/texmf-dist/tex/latex/hyperref/hpdftex.def
File: hpdftex.def 2012/11/06 v6.83m Hyperref driver for pdfTeX
\Fld@listcount=\count113
\c@bookmark@seq@number=\count114

(/usr/local/texlive/2013/texmf-dist/tex/latex/oberdiek/rerunfilecheck.sty
Package: rerunfilecheck 2011/04/15 v1.7 Rerun checks for auxiliary files (HO)
Package uniquecounter Info: New unique counter `rerunfilecheck' on input line 2
82.
)
\Hy@SectionHShift=\skip49
)
(./macros.tex (/usr/local/texlive/2013/texmf-dist/tex/latex/graphics/color.sty
Package: color 2005/11/14 v1.0j Standard LaTeX Color (DPC)

(/usr/local/texlive/2013/texmf-dist/tex/latex/latexconfig/color.cfg
File: color.cfg 2007/01/18 v1.5 color configuration of teTeX/TeXLive
)
Package color Info: Driver file: pdftex.def on input line 130.
))
(./smplxn.aux)
\openout1 = `smplxn.aux'.

LaTeX Font Info:    Checking defaults for OML/cmm/m/it on input line 24.
LaTeX Font Info:    ... okay on input line 24.
LaTeX Font Info:    Checking defaults for T1/cmr/m/n on input line 24.
LaTeX Font Info:    ... okay on input line 24.
LaTeX Font Info:    Checking defaults for OT1/cmr/m/n on input line 24.
LaTeX Font Info:    ... okay on input line 24.
LaTeX Font Info:    Checking defaults for OMS/cmsy/m/n on input line 24.
LaTeX Font Info:    ... okay on input line 24.
LaTeX Font Info:    Checking defaults for OMX/cmex/m/n on input line 24.
LaTeX Font Info:    ... okay on input line 24.
LaTeX Font Info:    Checking defaults for U/cmr/m/n on input line 24.
LaTeX Font Info:    ... okay on input line 24.
LaTeX Font Info:    Checking defaults for PD1/pdf/m/n on input line 24.
LaTeX Font Info:    ... okay on input line 24.

*geometry* driver: auto-detecting
*geometry* detected driver: pdftex
*geometry* verbose mode - [ preamble ] result:
* driver: pdftex
* paper: letterpaper
* layout: <same size as paper>
* layoutoffset:(h,v)=(0.0pt,0.0pt)
* modes: 
* h-part:(L,W,R)=(92.14519pt, 430.00462pt, 92.14519pt)
* v-part:(T,H,B)=(95.39737pt, 556.47656pt, 143.09605pt)
* \paperwidth=614.295pt
* \paperheight=794.96999pt
* \textwidth=430.00462pt
* \textheight=556.47656pt
* \oddsidemargin=19.8752pt
* \evensidemargin=19.8752pt
* \topmargin=-13.87262pt
* \headheight=12.0pt
* \headsep=25.0pt
* \topskip=11.0pt
* \footskip=30.0pt
* \marginparwidth=59.0pt
* \marginparsep=10.0pt
* \columnsep=10.0pt
* \skip\footins=10.0pt plus 4.0pt minus 2.0pt
* \hoffset=0.0pt
* \voffset=0.0pt
* \mag=1000
* \@twocolumnfalse
* \@twosidefalse
* \@mparswitchfalse
* \@reversemarginfalse
* (1in=72.27pt=25.4mm, 1cm=28.453pt)

(/usr/local/texlive/2013/texmf-dist/tex/context/base/supp-pdf.mkii
[Loading MPS to PDF converter (version 2006.09.02).]
\scratchcounter=\count115
\scratchdimen=\dimen126
\scratchbox=\box28
\nofMPsegments=\count116
\nofMParguments=\count117
\everyMPshowfont=\toks28
\MPscratchCnt=\count118
\MPscratchDim=\dimen127
\MPnumerator=\count119
\makeMPintoPDFobject=\count120
\everyMPtoPDFconversion=\toks29
) (/usr/local/texlive/2013/texmf-dist/tex/latex/oberdiek/epstopdf-base.sty
Package: epstopdf-base 2010/02/09 v2.5 Base part for package epstopdf

(/usr/local/texlive/2013/texmf-dist/tex/latex/oberdiek/grfext.sty
Package: grfext 2010/08/19 v1.1 Manage graphics extensions (HO)
)
Package grfext Info: Graphics extension search list:
(grfext)             [.png,.pdf,.jpg,.mps,.jpeg,.jbig2,.jb2,.PNG,.PDF,.JPG,.JPE
G,.JBIG2,.JB2,.eps]
(grfext)             \AppendGraphicsExtensions on input line 452.

(/usr/local/texlive/2013/texmf-dist/tex/latex/latexconfig/epstopdf-sys.cfg
File: epstopdf-sys.cfg 2010/07/13 v1.3 Configuration of (r)epstopdf for TeX Liv
e
))
\AtBeginShipoutBox=\box29
Package hyperref Info: Link coloring OFF on input line 24.

(/usr/local/texlive/2013/texmf-dist/tex/latex/hyperref/nameref.sty
Package: nameref 2012/10/27 v2.43 Cross-referencing by name of section

(/usr/local/texlive/2013/texmf-dist/tex/generic/oberdiek/gettitlestring.sty
Package: gettitlestring 2010/12/03 v1.4 Cleanup title references (HO)
)
\c@section@level=\count121
)
LaTeX Info: Redefining \ref on input line 24.
LaTeX Info: Redefining \pageref on input line 24.
LaTeX Info: Redefining \nameref on input line 24.

(./smplxn.out) (./smplxn.out)
\@outlinefile=\write3
\openout3 = `smplxn.out'.

LaTeX Font Info:    Try loading font information for U+msa on input line 26.

(/usr/local/texlive/2013/texmf-dist/tex/latex/amsfonts/umsa.fd
File: umsa.fd 2013/01/14 v3.01 AMS symbols A
)
LaTeX Font Info:    Try loading font information for U+msb on input line 26.

(/usr/local/texlive/2013/texmf-dist/tex/latex/amsfonts/umsb.fd
File: umsb.fd 2013/01/14 v3.01 AMS symbols B
)

LaTeX Warning: Citation `cclar-proj:2013:00' on page 1 undefined on input line 
26.



LaTeX Warning: Citation `Paoluzzi:1993:DMS:169728.169719' on page 1 undefined o
n input line 30.

(./smplxn.toc)
\tf@toc=\write4
\openout4 = `smplxn.toc'.

 [1

{/usr/local/texlive/2013/texmf-var/fonts/map/pdftex/updmap/pdftex.map}]

LaTeX Warning: Citation `Paoluzzi:1993:DMS:169728.169719' on page 2 undefined o
n input line 47.


LaTeX Warning: Citation `DBLP:journals/cad/FerruciP91' on page 2 undefined on i
nput line 47.


LaTeX Warning: Citation `DBLP:journals/cad/FerruciP91' on page 2 undefined on i
nput line 49.

[2] <images/extrusion.pdf, id=107, 451.6875pt x 470.75874pt>
File: images/extrusion.pdf Graphic file (type pdf)

<use images/extrusion.pdf>
Package pdftex.def Info: images/extrusion.pdf used on input line 77.
(pdftex.def)             Requested size: 168.56433pt x 175.68648pt.
 [3 <./images/extrusion.pdf>]
Overfull \hbox (17.63402pt too wide) in paragraph at lines 107--122
[]\OT1/cmr/m/n/10.95 @d Sim-pli-cial model ex-tru-sion in ac-cord with a 1D pat
-tern @def larEx-trude(model,pattern):
 []


Overfull \hbox (28.37415pt too wide) in paragraph at lines 107--122
\OT1/cmr/m/n/10.95 V, FV = model d, m = len(FV[0]), len(pattern) co-ords = list
(cumsum([0]+(AA(ABS)(pattern))))
 []

<images/assembly.pdf, id=126, 765.86125pt x 312.16624pt>
File: images/assembly.pdf Graphic file (type pdf)

<use images/assembly.pdf>
Package pdftex.def Info: images/assembly.pdf used on input line 165.
(pdftex.def)             Requested size: 301.00192pt x 122.68747pt.

<images/simplexn-1a.pdf, id=127, 443.6575pt x 415.5525pt>
File: images/simplexn-1a.pdf Graphic file (type pdf)

<use images/simplexn-1a.pdf>
Package pdftex.def Info: images/simplexn-1a.pdf used on input line 179.
(pdftex.def)             Requested size: 140.60973pt x 131.69867pt.

<images/simplexn-1b.pdf, id=128, 453.695pt x 453.695pt>
File: images/simplexn-1b.pdf Graphic file (type pdf)

<use images/simplexn-1b.pdf>
Package pdftex.def Info: images/simplexn-1b.pdf used on input line 180.
(pdftex.def)             Requested size: 140.60973pt x 140.60938pt.

<images/simplexn-1c.pdf, id=129, 457.71pt x 460.72125pt>
File: images/simplexn-1c.pdf Graphic file (type pdf)

<use images/simplexn-1c.pdf>
Package pdftex.def Info: images/simplexn-1c.pdf used on input line 181.
(pdftex.def)             Requested size: 140.60973pt x 141.53561pt.
 [4]
<images/simplexn-2a.png, id=140, 444.66125pt x 413.545pt>
File: images/simplexn-2a.png Graphic file (type png)

<use images/simplexn-2a.png>
Package pdftex.def Info: images/simplexn-2a.png used on input line 188.
(pdftex.def)             Requested size: 140.60973pt x 130.76585pt.

<images/simplexn-2b.pdf, id=141, 562.1pt x 545.03625pt>
File: images/simplexn-2b.pdf Graphic file (type pdf)

<use images/simplexn-2b.pdf>
Package pdftex.def Info: images/simplexn-2b.pdf used on input line 189.
(pdftex.def)             Requested size: 140.60973pt x 136.34189pt.

Overfull \hbox (133.00826pt too wide) in paragraph at lines 195--200
 []\OT1/cmr/bx/n/10.95 Examples 2 and 3[] \OT1/cmr/m/n/10.95 @d Ex-am-ples of s
im-pli-cial com-plex ex-tru-sions @V = [[0,0],[1,0],[2,0],[0,1],[1,1],[2,1],[0,
2],[1,2],[2,2]]
 []


Overfull \hbox (206.82893pt too wide) in paragraph at lines 195--200
\OT1/cmr/m/n/10.95 FV = [[0,1,3],[1,2,4],[2,4,5],[3,4,6],[4,6,7],[5,7,8]] model
 = larExtrude((V,FV),4*[1,2,-3]) VIEW(EXPLODE(1,1,1.2)(MKPOLS(model))) 
 []


Overfull \hbox (126.73999pt too wide) in paragraph at lines 201--208
[]\OT1/cmr/m/n/10.95 model = V0,CV0 = [[]],[[0]] model = larEx-trude( model, 6*
[1] ) VIEW(EXPLODE(1.5,1.5,1.5)(MKPOLS(model)))
 []


Overfull \hbox (144.38167pt too wide) in paragraph at lines 209--216
[]\OT1/cmr/m/n/10.95 model = V0,CV0 = [[]],[[0]] model = larEx-trude( model, 10
*[1,-1] ) VIEW(EXPLODE(1.5,1.5,1.5)(MKPOLS(model)))
 []


Overfull \hbox (38.504pt too wide) in paragraph at lines 222--232
\OT1/cmr/m/n/10.95 enu-mer-ate(shape): model = larEx-trude(model,steps*[1]) V,c
ells = model verts = AA(list)(array(V)
 []

./smplxn.tex:236: Missing $ inserted.
<inserted text> 
                $
l.236 @{grid_
             2d = simplexGrid([3,3])
I've inserted a begin-math/end-math symbol since I think
you left one out. Proceed, with fingers crossed.

./smplxn.tex:238: Missing $ inserted.
<inserted text> 
                $
l.238 
      
I've inserted a begin-math/end-math symbol since I think
you left one out. Proceed, with fingers crossed.

./smplxn.tex:238: Missing } inserted.
<inserted text> 
                }
l.238 
      
I've inserted something that you may have forgotten.
(See the <inserted text> above.)
With luck, this will get me unwedged. But if you
really didn't forget anything, try typing `2' now; then
my insertion and my current dilemma will both disappear.


Overfull \hbox (292.85887pt too wide) in paragraph at lines 235--238
 []\OT1/cmr/bx/n/10.95 Examples of sim-pli-cial grids[] \OT1/cmr/m/n/10.95 @d E
x-am-ples of sim-pli-cial grids @grid$[]\OML/cmm/m/it/10.95 d \OT1/cmr/m/n/10.9
5 = \OML/cmm/m/it/10.95 simplexGrid\OT1/cmr/m/n/10.95 ([3\OML/cmm/m/it/10.95 ; 
\OT1/cmr/m/n/10.95 3])\OML/cmm/m/it/10.95 VIEW\OT1/cmr/m/n/10.95 (\OML/cmm/m/it
/10.95 EXPLODE\OT1/cmr/m/n/10.95 (1\OML/cmm/m/it/10.95 :\OT1/cmr/m/n/10.95 5\OM
L/cmm/m/it/10.95 ; \OT1/cmr/m/n/10.95 1\OML/cmm/m/it/10.95 :\OT1/cmr/m/n/10.95 
5\OML/cmm/m/it/10.95 ; \OT1/cmr/m/n/10.95 1\OML/cmm/m/it/10.95 :\OT1/cmr/m/n/10
.95 5)(\OML/cmm/m/it/10.95 MKPOLS\OT1/cmr/m/n/10.95 (\OML/cmm/m/it/10.95 grid[]
d\OT1/cmr/m/n/10.95 )))[]$ 
 []

./smplxn.tex:239: Missing $ inserted.
<inserted text> 
                $
l.239 grid_
           3d = simplexGrid([2,3,4])
I've inserted a begin-math/end-math symbol since I think
you left one out. Proceed, with fingers crossed.

./smplxn.tex:241: Extra }, or forgotten $.
l.241 @}
        
I've deleted a group-closing symbol because it seems to be
spurious, as in `$x}$'. But perhaps the } is legitimate and
you forgot something else, as in `\hbox{$x}'. In such cases
the way to recover is to insert both the forgotten and the
deleted material, e.g., by typing `I$}'.

./smplxn.tex:243: Missing $ inserted.
<inserted text> 
                $
l.243 
      
I've inserted a begin-math/end-math symbol since I think
you left one out. Proceed, with fingers crossed.

./smplxn.tex:243: Missing } inserted.
<inserted text> 
                }
l.243 
      
I've inserted something that you may have forgotten.
(See the <inserted text> above.)
With luck, this will get me unwedged. But if you
really didn't forget anything, try typing `2' now; then
my insertion and my current dilemma will both disappear.


Overfull \hbox (9.32317pt too wide) in paragraph at lines 239--243
[]\OT1/cmr/m/n/10.95 grid$[]\OML/cmm/m/it/10.95 d \OT1/cmr/m/n/10.95 = \OML/cmm
/m/it/10.95 simplexGrid\OT1/cmr/m/n/10.95 ([2\OML/cmm/m/it/10.95 ; \OT1/cmr/m/n
/10.95 3\OML/cmm/m/it/10.95 ; \OT1/cmr/m/n/10.95 4])\OML/cmm/m/it/10.95 VIEW\OT
1/cmr/m/n/10.95 (\OML/cmm/m/it/10.95 EXPLODE\OT1/cmr/m/n/10.95 (1\OML/cmm/m/it/
10.95 :\OT1/cmr/m/n/10.95 5\OML/cmm/m/it/10.95 ; \OT1/cmr/m/n/10.95 1\OML/cmm/m
/it/10.95 :\OT1/cmr/m/n/10.95 5\OML/cmm/m/it/10.95 ; \OT1/cmr/m/n/10.95 1\OML/c
mm/m/it/10.95 :\OT1/cmr/m/n/10.95 5)(\OML/cmm/m/it/10.95 MKPOLS\OT1/cmr/m/n/10.
95 (\OML/cmm/m/it/10.95 grid[]d\OT1/cmr/m/n/10.95 )))@[]$ 
 []

./smplxn.tex:243: Too many }'s.
\par ...m \@noitemerr {\@@par }\fi \else {\@@par }
                                                  \fi 
l.243 
      
You've closed more groups than you opened.
Such booboos are generally harmless, so keep going.

[5 <./images/assembly.pdf> <./images/simplexn-1a.pdf> <./images/simplexn-1b.pdf
> <./images/simplexn-1c.pdf>]
Overfull \hbox (28.75432pt too wide) in paragraph at lines 268--277
\OT1/cmr/m/n/10.95 Grid([1,1,1]) VIEW(EXPLODE(1.5,1.5,1.5)(MKPOLS((V,CV)))) SK2
 = (V,simplexFacets(CV))
 []


Overfull \hbox (204.15356pt too wide) in paragraph at lines 268--277
\OT1/cmr/m/n/10.95 VIEW(EXPLODE(1.5,1.5,1.5)(MKPOLS(SK2))) SK1 = (V,simplexFace
ts(SK2[1])) VIEW(EXPLODE(1.5,1.5,1.5)(MKPOLS(SK1)))
 []


Package hyperref Warning: Token not allowed in a PDF string (PDFDocEncoding):
(hyperref)                removing `math shift' on input line 280.


Package hyperref Warning: Token not allowed in a PDF string (PDFDocEncoding):
(hyperref)                removing `subscript' on input line 280.


Package hyperref Warning: Token not allowed in a PDF string (PDFDocEncoding):
(hyperref)                removing `superscript' on input line 280.


Package hyperref Warning: Token not allowed in a PDF string (PDFDocEncoding):
(hyperref)                removing `math shift' on input line 280.

./smplxn.tex:292: Missing $ inserted.
<inserted text> 
                $
l.292 if _
          _name__ == "__main__":
I've inserted a begin-math/end-math symbol since I think
you left one out. Proceed, with fingers crossed.

./smplxn.tex:292: Missing { inserted.
<to be read again> 
                   _
l.292 if __
           name__ == "__main__":
A left brace was mandatory here, so I've put one in.
You might want to delete and/or insert some corrections
so that I will find a matching right brace soon.
(If you're confused by all this, try typing `I}' now.)

./smplxn.tex:292: Missing { inserted.
<to be read again> 
                   _
l.292 if __name__
                  == "__main__":
A left brace was mandatory here, so I've put one in.
You might want to delete and/or insert some corrections
so that I will find a matching right brace soon.
(If you're confused by all this, try typing `I}' now.)

./smplxn.tex:292: Missing { inserted.
<to be read again> 
                   _
l.292 if __name__ == "__
                        main__":
A left brace was mandatory here, so I've put one in.
You might want to delete and/or insert some corrections
so that I will find a matching right brace soon.
(If you're confused by all this, try typing `I}' now.)

./smplxn.tex:292: Missing { inserted.
<to be read again> 
                   _
l.292 if __name__ == "__main__
                              ":
A left brace was mandatory here, so I've put one in.
You might want to delete and/or insert some corrections
so that I will find a matching right brace soon.
(If you're confused by all this, try typing `I}' now.)

./smplxn.tex:298: Missing $ inserted.
<inserted text> 
                $
l.298 
      
I've inserted a begin-math/end-math symbol since I think
you left one out. Proceed, with fingers crossed.

./smplxn.tex:298: Missing } inserted.
<inserted text> 
                }
l.298 
      
I've inserted something that you may have forgotten.
(See the <inserted text> above.)
With luck, this will get me unwedged. But if you
really didn't forget anything, try typing `2' now; then
my insertion and my current dilemma will both disappear.

./smplxn.tex:298: Missing } inserted.
<inserted text> 
                }
l.298 
      
I've inserted something that you may have forgotten.
(See the <inserted text> above.)
With luck, this will get me unwedged. But if you
really didn't forget anything, try typing `2' now; then
my insertion and my current dilemma will both disappear.

./smplxn.tex:298: Missing } inserted.
<inserted text> 
                }
l.298 
      
I've inserted something that you may have forgotten.
(See the <inserted text> above.)
With luck, this will get me unwedged. But if you
really didn't forget anything, try typing `2' now; then
my insertion and my current dilemma will both disappear.

./smplxn.tex:298: Missing } inserted.
<inserted text> 
                }
l.298 
      
I've inserted something that you may have forgotten.
(See the <inserted text> above.)
With luck, this will get me unwedged. But if you
really didn't forget anything, try typing `2' now; then
my insertion and my current dilemma will both disappear.


Overfull \hbox (36.20201pt too wide) in paragraph at lines 288--298
[]$ 
 []

[6 <./images/simplexn-2a.png> <./images/simplexn-2b.pdf>]
Overfull \hbox (8.08818pt too wide) in paragraph at lines 312--316
[]\OT1/cmr/m/n/10.95 @d Gen-er-ate a sim-pli-cial de-com-po-si-tion ot the $[0\
OML/cmm/m/it/10.95 ; \OT1/cmr/m/n/10.95 1][]$ do-main @V,FV = sim-plex-Grid([3,
3])
 []


Overfull \hbox (194.11238pt too wide) in paragraph at lines 354--362
\OT1/cmr/m/n/10.95 VIEW(EXPLODE(1.5,1.5,1.5)(MKPOLS((V,FV)))) EV = sim-plex-Fac
ets(FV) VIEW(EXPLODE(1.5,1.5,1.5)(MKPOLS((V,EV))))
 []

[7]
./smplxn.tex:392: You can't use `macro parameter character #' in horizontal mod
e.
l.392     #
            cumulative addition: list(cumsum(range(4))) => [0, 1, 3, 6]
Sorry, but I'm not programmed to handle this case;
I'll just pretend that you didn't ask for it.
If you're in the wrong mode, you might be able to
return to the right one by typing `I}' or `I$' or `I\par'.


Overfull \hbox (2.52101pt too wide) in paragraph at lines 389--401
\OT1/cmr/m/n/10.95 @d Cu-mu-la-tive sum @ def cum-sum(iterable):  cu-mu-la-tive
 ad-di-tion: list(cumsum(range(4)))
 []

No file smplxn.bbl.
Package atveryend Info: Empty hook `BeforeClearDocument' on input line 406.
[8]
Package atveryend Info: Empty hook `AfterLastShipout' on input line 406.
 (./smplxn.aux)
Package atveryend Info: Executing hook `AtVeryEndDocument' on input line 406.
Package atveryend Info: Executing hook `AtEndAfterFileList' on input line 406.


Package rerunfilecheck Warning: File `smplxn.out' has changed.
(rerunfilecheck)                Rerun to get outlines right
(rerunfilecheck)                or use package `bookmark'.

Package rerunfilecheck Info: Checksums for `smplxn.out':
(rerunfilecheck)             Before: 20D4795B40866299743045A1D37F8CC8;1045
(rerunfilecheck)             After:  CE97EDA5A3F28C87D2B9FE4443AFCC46;1136.

LaTeX Warning: There were undefined references.


LaTeX Warning: Label(s) may have changed. Rerun to get cross-references right.

Package atveryend Info: Empty hook `AtVeryVeryEnd' on input line 406.
 ) 
Here is how much of TeX's memory you used:
 6642 strings out of 493315
 95777 string characters out of 6137904
 188292 words of memory out of 5000000
 9957 multiletter control sequences out of 15000+600000
 16664 words of font info for 65 fonts, out of 8000000 for 9000
 957 hyphenation exceptions out of 8191
 32i,8n,31p,1027b,352s stack positions out of 5000i,500n,10000p,200000b,80000s
</usr/local/texlive/2013/texmf-dist/fonts/type1/public/amsfonts/cm/cmbx10.pfb
></usr/local/texlive/2013/texmf-dist/fonts/type1/public/amsfonts/cm/cmbx12.pfb>
</usr/local/texlive/2013/texmf-dist/fonts/type1/public/amsfonts/cm/cmbx9.pfb></
usr/local/texlive/2013/texmf-dist/fonts/type1/public/amsfonts/cm/cmmi10.pfb></u
sr/local/texlive/2013/texmf-dist/fonts/type1/public/amsfonts/cm/cmmi12.pfb></us
r/local/texlive/2013/texmf-dist/fonts/type1/public/amsfonts/cm/cmmi6.pfb></usr/
local/texlive/2013/texmf-dist/fonts/type1/public/amsfonts/cm/cmmi8.pfb></usr/lo
cal/texlive/2013/texmf-dist/fonts/type1/public/amsfonts/cm/cmr10.pfb></usr/loca
l/texlive/2013/texmf-dist/fonts/type1/public/amsfonts/cm/cmr12.pfb></usr/local/
texlive/2013/texmf-dist/fonts/type1/public/amsfonts/cm/cmr17.pfb></usr/local/te
xlive/2013/texmf-dist/fonts/type1/public/amsfonts/cm/cmr6.pfb></usr/local/texli
ve/2013/texmf-dist/fonts/type1/public/amsfonts/cm/cmr8.pfb></usr/local/texlive/
2013/texmf-dist/fonts/type1/public/amsfonts/cm/cmr9.pfb></usr/local/texlive/201
3/texmf-dist/fonts/type1/public/amsfonts/cm/cmsy10.pfb></usr/local/texlive/2013
/texmf-dist/fonts/type1/public/amsfonts/cm/cmsy6.pfb></usr/local/texlive/2013/t
exmf-dist/fonts/type1/public/amsfonts/cm/cmsy8.pfb></usr/local/texlive/2013/tex
mf-dist/fonts/type1/public/amsfonts/cm/cmti10.pfb></usr/local/texlive/2013/texm
f-dist/fonts/type1/public/amsfonts/cm/cmtt10.pfb></usr/local/texlive/2013/texmf
-dist/fonts/type1/public/amsfonts/cm/cmtt12.pfb></usr/local/texlive/2013/texmf-
dist/fonts/type1/public/amsfonts/symbols/msbm10.pfb>
Output written on smplxn.pdf (8 pages, 440512 bytes).
PDF statistics:
 300 PDF objects out of 1000 (max. 8388607)
 242 compressed objects within 3 object streams
 46 named destinations out of 1000 (max. 500000)
 156 words of extra memory for PDF output out of 10000 (max. 10000000)

