\BOOKMARK [0][-]{chapter.1}{Literate programming IDE for LAR-CC }{}% 1
\BOOKMARK [1][-]{section.1.1}{Up and running}{chapter.1}% 2
\BOOKMARK [2][-]{subsection.1.1.1}{Prerequisites}{section.1.1}% 3
\BOOKMARK [2][-]{subsection.1.1.2}{Download}{section.1.1}% 4
\BOOKMARK [2][-]{subsection.1.1.3}{Working-file}{section.1.1}% 5
\BOOKMARK [2][-]{subsection.1.1.4}{Using the IDE}{section.1.1}% 6
\BOOKMARK [1][-]{section.1.2}{Structure of larcc}{chapter.1}% 7
\BOOKMARK [0][-]{chapter.2}{Module Lar2psm }{}% 8
\BOOKMARK [1][-]{section.2.1}{Introduction}{chapter.2}% 9
\BOOKMARK [1][-]{section.2.2}{Implementation}{chapter.2}% 10
\BOOKMARK [2][-]{subsection.2.2.1}{Convex combination}{section.2.2}% 11
\BOOKMARK [2][-]{subsection.2.2.2}{LAR model of a cell complex}{section.2.2}% 12
\BOOKMARK [2][-]{subsection.2.2.3}{Function MKPOLS}{section.2.2}% 13
\BOOKMARK [2][-]{subsection.2.2.4}{``Explosion'' of the scene}{section.2.2}% 14
\BOOKMARK [1][-]{section.2.3}{Source Output: lar2psm module}{chapter.2}% 15
\BOOKMARK [2][-]{subsection.2.3.1}{Importing a generic module}{section.2.3}% 16
\BOOKMARK [2][-]{subsection.2.3.2}{Lar2psm exporting}{section.2.3}% 17
\BOOKMARK [1][-]{section.2.4}{Unit tests}{chapter.2}% 18
\BOOKMARK [2][-]{subsection.2.4.1}{Creation of repository of unit tests}{section.2.4}% 19
\BOOKMARK [2][-]{subsection.2.4.2}{Viewing some simplicial complexes}{section.2.4}% 20
\BOOKMARK [2][-]{subsection.2.4.3}{Testing convex combination of vectors}{section.2.4}% 21
\BOOKMARK [0][-]{chapter.3}{The smplxn module }{}% 22
\BOOKMARK [1][-]{section.3.1}{Introduction}{chapter.3}% 23
\BOOKMARK [1][-]{section.3.2}{Some simplicial algorithms}{chapter.3}% 24
\BOOKMARK [2][-]{subsection.3.2.1}{Linear extrusion of a complex}{section.3.2}% 25
\BOOKMARK [2][-]{subsection.3.2.2}{Generation of multidimensional simplicial grids}{section.3.2}% 26
\BOOKMARK [2][-]{subsection.3.2.3}{Facet extraction from simplices}{section.3.2}% 27
\BOOKMARK [2][-]{subsection.3.2.4}{Exporting the Simplexn library}{section.3.2}% 28
\BOOKMARK [1][-]{section.3.3}{Signed \(co\)boundary matrices of a simplicial complex}{chapter.3}% 29
\BOOKMARK [1][-]{section.3.4}{Test examples}{chapter.3}% 30
\BOOKMARK [2][-]{subsection.3.4.1}{Structured grid}{section.3.4}% 31
\BOOKMARK [2][-]{subsection.3.4.2}{Unstructured grid}{section.3.4}% 32
\BOOKMARK [1][-]{section.3.5}{Utilities}{chapter.3}% 33
\BOOKMARK [0][-]{chapter.4}{Hypercuboidal grids and topological products in LARCC }{}% 34
\BOOKMARK [1][-]{section.4.1}{Introduction}{chapter.4}% 35
\BOOKMARK [1][-]{section.4.2}{0D- and 1D-complexes}{chapter.4}% 36
\BOOKMARK [2][-]{subsection.4.2.1}{Generation of cells}{section.4.2}% 37
\BOOKMARK [2][-]{subsection.4.2.2}{Generation of embedding vertices}{section.4.2}% 38
\BOOKMARK [1][-]{section.4.3}{Cuboidal grids}{chapter.4}% 39
\BOOKMARK [2][-]{subsection.4.3.1}{Full-dimensional grids}{section.4.3}% 40
\BOOKMARK [2][-]{subsection.4.3.2}{Lower-dimensional grid skeletons}{section.4.3}% 41
\BOOKMARK [2][-]{subsection.4.3.3}{Highest-level grid interface}{section.4.3}% 42
\BOOKMARK [1][-]{section.4.4}{Cartesian product of cellular complexes}{chapter.4}% 43
\BOOKMARK [1][-]{section.4.5}{Largrid exporting}{chapter.4}% 44
\BOOKMARK [1][-]{section.4.6}{Unit tests}{chapter.4}% 45
\BOOKMARK [2][-]{subsection.4.6.1}{Creation of repository of unit tests}{section.4.6}% 46
\BOOKMARK [1][-]{section.4.7}{Indices}{chapter.4}% 47
\BOOKMARK [1][-]{section.4.8}{Appendix}{chapter.4}% 48
\BOOKMARK [2][-]{subsection.4.8.1}{Utilities}{section.4.8}% 49
\BOOKMARK [0][-]{chapter.5}{The basic larcc module }{}% 50
\BOOKMARK [1][-]{section.5.1}{Basic representations}{chapter.5}% 51
\BOOKMARK [2][-]{subsection.5.1.1}{BRC \(Binary Row Compressed\)}{section.5.1}% 52
\BOOKMARK [2][-]{subsection.5.1.2}{Format conversions}{section.5.1}% 53
\BOOKMARK [1][-]{section.5.2}{Matrix operations}{chapter.5}% 54
\BOOKMARK [1][-]{section.5.3}{Topological operations}{chapter.5}% 55
\BOOKMARK [1][-]{section.5.4}{Exporting the library}{chapter.5}% 56
\BOOKMARK [2][-]{subsection.5.4.1}{MIT licence}{section.5.4}% 57
\BOOKMARK [2][-]{subsection.5.4.2}{Importing of modules or packages}{section.5.4}% 58
\BOOKMARK [2][-]{subsection.5.4.3}{Writing the library file}{section.5.4}% 59
\BOOKMARK [1][-]{section.5.5}{Unit tests}{chapter.5}% 60
\BOOKMARK [1][-]{section.5.6}{Appendix: Tutorials}{chapter.5}% 61
\BOOKMARK [2][-]{subsection.5.6.1}{Model generation, skeleton and boundary extraction}{section.5.6}% 62
\BOOKMARK [2][-]{subsection.5.6.2}{Boundary of 3D simplicial grid}{section.5.6}% 63
\BOOKMARK [2][-]{subsection.5.6.3}{Oriented boundary of a random simplicial complex}{section.5.6}% 64
\BOOKMARK [2][-]{subsection.5.6.4}{Oriented boundary of a simplicial grid}{section.5.6}% 65
\BOOKMARK [2][-]{subsection.5.6.5}{Skeletons and oriented boundary of a simplicial complex}{section.5.6}% 66
\BOOKMARK [2][-]{subsection.5.6.6}{Boundary of random 2D simplicial complex}{section.5.6}% 67
\BOOKMARK [2][-]{subsection.5.6.7}{Assemblies of simplices and hypercubes}{section.5.6}% 68
